9 20000000 4 .01
10
210
10
197
cp inf to original successful
cp avg inf to result success
9 20000000 4 .02
10
211
10
197
cp inf to original successful
cp avg inf to result success
9 20000000 4 .03
10
211
10
197
cp inf to original successful
cp avg inf to result success
9 20000000 4 .04
10
211
10
197
cp inf to original successful
cp avg inf to result success
9 20000000 4 .05
10
211
10
197
cp inf to original successful
cp avg inf to result success
9 20000000 4 .06
10
211
10
197
cp inf to original successful
cp avg inf to result success
9 20000000 4 .07
10
210
10
197
cp inf to original successful
cp avg inf to result success
9 20000000 4 .08
10
210
10
197
cp inf to original successful
cp avg inf to result success
9 20000000 4 .09
10
211
10
197
cp inf to original successful
cp avg inf to result success
9 20000000 4 .10
10
211
10
197
cp inf to original successful
cp avg inf to result success
10 20000000 4 .01
10
211
10
197
cp inf to original successful
cp avg inf to result success
10 20000000 4 .02
10
210
10
197
cp inf to original successful
cp avg inf to result success
10 20000000 4 .03
10
211
10
197
cp inf to original successful
cp avg inf to result success
10 20000000 4 .04
10
211
10
197
cp inf to original successful
cp avg inf to result success
10 20000000 4 .05
10
210
10
197
cp inf to original successful
cp avg inf to result success
10 20000000 4 .06
10
211
10
197
cp inf to original successful
cp avg inf to result success
10 20000000 4 .07
10
211
10
196
cp inf to original successful
cp avg inf to result success
10 20000000 4 .08
10
210
10
197
cp inf to original successful
cp avg inf to result success
10 20000000 4 .09
10
211
10
196
cp inf to original successful
cp avg inf to result success
10 20000000 4 .10
10
211
10
197
cp inf to original successful
cp avg inf to result success
11 20000000 4 .01
10
211
10
197
cp inf to original successful
cp avg inf to result success
11 20000000 4 .02
10
210
10
197
cp inf to original successful
cp avg inf to result success
11 20000000 4 .03
10
210
10
193
cp inf to original successful
cp avg inf to result success
11 20000000 4 .04
10
211
10
195
cp inf to original successful
cp avg inf to result success
11 20000000 4 .05
10
212
10
197
cp inf to original successful
cp avg inf to result success
11 20000000 4 .06
10
209
10
193
cp inf to original successful
cp avg inf to result success
11 20000000 4 .07
10
211
10
195
cp inf to original successful
cp avg inf to result success
11 20000000 4 .08
10
211
10
196
cp inf to original successful
cp avg inf to result success
11 20000000 4 .09
10
211
10
196
cp inf to original successful
cp avg inf to result success
11 20000000 4 .10
10
210
10
196
cp inf to original successful
cp avg inf to result success
12 20000000 4 .01
10
198
10
168
cp inf to original successful
cp avg inf to result success
12 20000000 4 .02
10
202
10
179
cp inf to original successful
cp avg inf to result success
12 20000000 4 .03
10
209
10
194
cp inf to original successful
cp avg inf to result success
12 20000000 4 .04
10
206
10
186
cp inf to original successful
cp avg inf to result success
12 20000000 4 .05
10
211
10
194
cp inf to original successful
cp avg inf to result success
12 20000000 4 .06
10
204
10
176
cp inf to original successful
cp avg inf to result success
12 20000000 4 .07
10
204
10
184
cp inf to original successful
cp avg inf to result success
12 20000000 4 .08
10
197
10
170
cp inf to original successful
cp avg inf to result success
12 20000000 4 .09
10
196
10
157
cp inf to original successful
cp avg inf to result success
12 20000000 4 .10
10
211
10
192
cp inf to original successful
cp avg inf to result success
13 20000000 4 .01
10
183
10
152
cp inf to original successful
cp avg inf to result success
13 20000000 4 .02
10
191
10
154
cp inf to original successful
cp avg inf to result success
13 20000000 4 .03
10
189
10
157
cp inf to original successful
cp avg inf to result success
13 20000000 4 .04
10
190
10
151
cp inf to original successful
cp avg inf to result success
13 20000000 4 .05
10
186
10
152
cp inf to original successful
cp avg inf to result success
13 20000000 4 .06
10
186
10
150
cp inf to original successful
cp avg inf to result success
13 20000000 4 .07
10
188
10
151
cp inf to original successful
cp avg inf to result success
13 20000000 4 .08
10
185
10
155
cp inf to original successful
cp avg inf to result success
13 20000000 4 .09
10
190
10
155
cp inf to original successful
cp avg inf to result success
13 20000000 4 .10
10
186
10
154
cp inf to original successful
cp avg inf to result success
14 20000000 4 .01
10
186
10
144
cp inf to original successful
cp avg inf to result success
14 20000000 4 .02
10
179
10
154
cp inf to original successful
cp avg inf to result success
14 20000000 4 .03
10
188
10
149
cp inf to original successful
cp avg inf to result success
14 20000000 4 .04
10
183
10
147
cp inf to original successful
cp avg inf to result success
14 20000000 4 .05
10
183
10
141
cp inf to original successful
cp avg inf to result success
14 20000000 4 .06
10
183
10
143
cp inf to original successful
cp avg inf to result success
14 20000000 4 .07
10
180
10
147
cp inf to original successful
cp avg inf to result success
14 20000000 4 .08
10
188
10
159
cp inf to original successful
cp avg inf to result success
14 20000000 4 .09
10
184
10
148
cp inf to original successful
cp avg inf to result success
14 20000000 4 .10
10
191
10
150
cp inf to original successful
cp avg inf to result success
15 20000000 4 .01
10
190
10
154
cp inf to original successful
cp avg inf to result success
15 20000000 4 .02
10
185
10
154
cp inf to original successful
cp avg inf to result success
15 20000000 4 .03
10
188
10
148
cp inf to original successful
cp avg inf to result success
15 20000000 4 .04
10
184
10
138
cp inf to original successful
cp avg inf to result success
15 20000000 4 .05
10
186
10
154
cp inf to original successful
cp avg inf to result success
15 20000000 4 .06
10
179
10
150
cp inf to original successful
cp avg inf to result success
15 20000000 4 .07
10
169
10
139
cp inf to original successful
cp avg inf to result success
15 20000000 4 .08
10
183
10
145
cp inf to original successful
cp avg inf to result success
15 20000000 4 .09
10
178
10
153
cp inf to original successful
cp avg inf to result success
15 20000000 4 .10
10
184
10
144
cp inf to original successful
cp avg inf to result success
16 20000000 4 .01
10
183
10
150
cp inf to original successful
cp avg inf to result success
16 20000000 4 .02
10
186
10
147
cp inf to original successful
cp avg inf to result success
16 20000000 4 .03
10
179
10
143
cp inf to original successful
cp avg inf to result success
16 20000000 4 .04
10
183
10
154
cp inf to original successful
cp avg inf to result success
16 20000000 4 .05
10
179
10
148
cp inf to original successful
cp avg inf to result success
16 20000000 4 .06
10
193
10
151
cp inf to original successful
cp avg inf to result success
16 20000000 4 .07
10
179
10
146
cp inf to original successful
cp avg inf to result success
16 20000000 4 .08
10
182
10
146
cp inf to original successful
cp avg inf to result success
16 20000000 4 .09
10
184
10
142
cp inf to original successful
cp avg inf to result success
16 20000000 4 .10
10
175
10
147
cp inf to original successful
cp avg inf to result success
17 20000000 4 .01
10
182
10
139
cp inf to original successful
cp avg inf to result success
17 20000000 4 .02
10
179
10
149
cp inf to original successful
cp avg inf to result success
17 20000000 4 .03
10
187
10
151
cp inf to original successful
cp avg inf to result success
17 20000000 4 .04
10
191
10
155
cp inf to original successful
cp avg inf to result success
17 20000000 4 .05
10
177
10
149
cp inf to original successful
cp avg inf to result success
17 20000000 4 .06
10
174
10
142
cp inf to original successful
cp avg inf to result success
17 20000000 4 .07
10
186
10
157
cp inf to original successful
cp avg inf to result success
17 20000000 4 .08
10
186
10
153
cp inf to original successful
cp avg inf to result success
17 20000000 4 .09
10
181
10
146
cp inf to original successful
cp avg inf to result success
17 20000000 4 .10
10
185
10
147
cp inf to original successful
cp avg inf to result success
18 20000000 4 .01
10
182
10
143
cp inf to original successful
cp avg inf to result success
18 20000000 4 .02
10
182
10
152
cp inf to original successful
cp avg inf to result success
18 20000000 4 .03
10
180
10
135
cp inf to original successful
cp avg inf to result success
18 20000000 4 .04
10
181
10
145
cp inf to original successful
cp avg inf to result success
18 20000000 4 .05
10
175
10
147
cp inf to original successful
cp avg inf to result success
18 20000000 4 .06
10
183
10
155
cp inf to original successful
cp avg inf to result success
18 20000000 4 .07
10
184
10
156
cp inf to original successful
cp avg inf to result success
18 20000000 4 .08
10
176
10
145
cp inf to original successful
cp avg inf to result success
18 20000000 4 .09
10
183
10
149
cp inf to original successful
cp avg inf to result success
18 20000000 4 .10
10
175
10
142
cp inf to original successful
cp avg inf to result success
19 20000000 4 .01
10
175
10
147
cp inf to original successful
cp avg inf to result success
19 20000000 4 .02
10
180
10
151
cp inf to original successful
cp avg inf to result success
19 20000000 4 .03
10
181
10
137
cp inf to original successful
cp avg inf to result success
19 20000000 4 .04
10
179
10
143
cp inf to original successful
cp avg inf to result success
19 20000000 4 .05
10
186
10
144
cp inf to original successful
cp avg inf to result success
19 20000000 4 .06
10
181
10
146
cp inf to original successful
cp avg inf to result success
19 20000000 4 .07
10
177
10
157
cp inf to original successful
cp avg inf to result success
19 20000000 4 .08
10
176
10
142
cp inf to original successful
cp avg inf to result success
19 20000000 4 .09
10
167
10
139
cp inf to original successful
cp avg inf to result success
19 20000000 4 .10
10
178
10
140
cp inf to original successful
cp avg inf to result success
20 20000000 4 .01
10
163
10
127
cp inf to original successful
cp avg inf to result success
20 20000000 4 .02
10
175
10
138
cp inf to original successful
cp avg inf to result success
20 20000000 4 .03
10
170
10
139
cp inf to original successful
cp avg inf to result success
20 20000000 4 .04
10
177
10
147
cp inf to original successful
cp avg inf to result success
20 20000000 4 .05
9
181
9
145
cp inf to original successful
cp avg inf to result success
20 20000000 4 .06
10
192
10
163
cp inf to original successful
cp avg inf to result success
20 20000000 4 .07
10
182
10
150
cp inf to original successful
cp avg inf to result success
20 20000000 4 .08
10
170
10
144
cp inf to original successful
cp avg inf to result success
20 20000000 4 .09
10
170
10
144
cp inf to original successful
cp avg inf to result success
20 20000000 4 .10
10
172
10
137
cp inf to original successful
cp avg inf to result success
